C:\Program Files (x86)\Microsoft Visual Studio\2017\Community\Common7\IDE\VC\VCTargets\Microsoft.CppBuild.targets(373,5): warning MSB8004: Output ディレクトリの末尾がスラッシュではありません。Output ディレクトリが適切に評価されるようにするために、このビルド インスタンスによってスラッシュが追加されます。
  ms_voxelhandler.cpp
c:\users\yoshimoto\documents\github\modelstudio\include\ms_glutilities.h(41): warning C4996: 'strcpy': This function or variable may be unsafe. Consider using strcpy_s instead. To disable deprecation, use _CRT_SECURE_NO_WARNINGS. See online help for details.
  c:\program files (x86)\windows kits\10\include\10.0.16299.0\ucrt\string.h(136): note: 'strcpy' の宣言を確認してください
c:\users\yoshimoto\documents\github\modelstudio\include\ms_glutilities.h(53): warning C4996: 'strcpy': This function or variable may be unsafe. Consider using strcpy_s instead. To disable deprecation, use _CRT_SECURE_NO_WARNINGS. See online help for details.
  c:\program files (x86)\windows kits\10\include\10.0.16299.0\ucrt\string.h(136): note: 'strcpy' の宣言を確認してください
c:\users\yoshimoto\documents\github\modelstudio\include\ms_glutilities.h(62): warning C4996: 'strcpy': This function or variable may be unsafe. Consider using strcpy_s instead. To disable deprecation, use _CRT_SECURE_NO_WARNINGS. See online help for details.
  c:\program files (x86)\windows kits\10\include\10.0.16299.0\ucrt\string.h(136): note: 'strcpy' の宣言を確認してください
c:\users\yoshimoto\documents\github\modelstudio\src\ms_voxelhandler.cpp(150): warning C4305: '引数': 'double' から 'GLfloat' へ切り詰めます。
c:\users\yoshimoto\documents\github\modelstudio\src\ms_voxelhandler.cpp(163): warning C4305: '引数': 'double' から 'GLfloat' へ切り詰めます。
c:\users\yoshimoto\documents\github\modelstudio\src\ms_voxelhandler.cpp(163): warning C4244: '引数': 'double' から 'GLfloat' への変換です。データが失われる可能性があります。
c:\users\yoshimoto\documents\github\modelstudio\src\ms_voxelhandler.cpp(165): warning C4244: '引数': 'double' から 'GLfloat' への変換です。データが失われる可能性があります。
c:\users\yoshimoto\documents\github\modelstudio\src\ms_voxelhandler.cpp(292): warning C4244: '引数': 'double' から 'int' への変換です。データが失われる可能性があります。
c:\users\yoshimoto\documents\github\modelstudio\src\ms_voxelhandler.cpp(293): warning C4244: '引数': 'double' から 'int' への変換です。データが失われる可能性があります。
c:\users\yoshimoto\documents\github\modelstudio\src\ms_voxelhandler.cpp(294): warning C4244: '引数': 'double' から 'int' への変換です。データが失われる可能性があります。
c:\users\yoshimoto\documents\github\modelstudio\src\ms_voxelhandler.cpp(298): warning C4244: '引数': 'double' から 'int' への変換です。データが失われる可能性があります。
c:\users\yoshimoto\documents\github\modelstudio\src\ms_voxelhandler.cpp(299): warning C4244: '引数': 'double' から 'int' への変換です。データが失われる可能性があります。
c:\users\yoshimoto\documents\github\modelstudio\src\ms_voxelhandler.cpp(300): warning C4244: '引数': 'double' から 'int' への変換です。データが失われる可能性があります。
c:\users\yoshimoto\documents\github\modelstudio\src\ms_voxelhandler.cpp(302): warning C4244: '引数': 'double' から 'int' への変換です。データが失われる可能性があります。
c:\users\yoshimoto\documents\github\modelstudio\src\ms_voxelhandler.cpp(303): warning C4244: '引数': 'double' から 'int' への変換です。データが失われる可能性があります。
c:\users\yoshimoto\documents\github\modelstudio\src\ms_voxelhandler.cpp(304): warning C4244: '引数': 'double' から 'int' への変換です。データが失われる可能性があります。
c:\users\yoshimoto\documents\github\modelstudio\src\ms_voxelhandler.cpp(306): warning C4244: '引数': 'double' から 'int' への変換です。データが失われる可能性があります。
c:\users\yoshimoto\documents\github\modelstudio\src\ms_voxelhandler.cpp(307): warning C4244: '引数': 'double' から 'int' への変換です。データが失われる可能性があります。
c:\users\yoshimoto\documents\github\modelstudio\src\ms_voxelhandler.cpp(308): warning C4244: '引数': 'double' から 'int' への変換です。データが失われる可能性があります。
c:\users\yoshimoto\documents\github\modelstudio\src\ms_voxelhandler.cpp(463): warning C4305: '引数': 'double' から 'GLclampf' へ切り詰めます。
c:\users\yoshimoto\documents\github\modelstudio\src\ms_voxelhandler.cpp(470): warning C4244: '引数': 'double' から 'int' への変換です。データが失われる可能性があります。
c:\users\yoshimoto\documents\github\modelstudio\src\ms_voxelhandler.cpp(471): warning C4244: '引数': 'double' から 'int' への変換です。データが失われる可能性があります。
c:\users\yoshimoto\documents\github\modelstudio\src\ms_voxelhandler.cpp(472): warning C4244: '引数': 'double' から 'int' への変換です。データが失われる可能性があります。
c:\users\yoshimoto\documents\github\modelstudio\src\ms_voxelhandler.cpp(531): warning C4996: 'sprintf': This function or variable may be unsafe. Consider using sprintf_s instead. To disable deprecation, use _CRT_SECURE_NO_WARNINGS. See online help for details.
  c:\program files (x86)\windows kits\10\include\10.0.16299.0\ucrt\stdio.h(1772): note: 'sprintf' の宣言を確認してください
  ModelStudio.vcxproj -> C:\Users\Yoshimoto\Documents\GitHub\ModelStudio\vc10\../bin\ModelStudio.exe
