c:\users\yoshimoto\documents\github\modelstudio\vc10\release\vc141.pdb
c:\users\yoshimoto\documents\github\modelstudio\vc10\release\main_viewer.obj
c:\users\yoshimoto\documents\github\modelstudio\vc10\release\ms_voxelhandler.obj
c:\users\yoshimoto\documents\github\modelstudio\vc10\release\ms_utilities.obj
c:\users\yoshimoto\documents\github\modelstudio\vc10\release\ms_triangleboxtest.obj
c:\users\yoshimoto\documents\github\modelstudio\vc10\release\ms_surfmesh.obj
c:\users\yoshimoto\documents\github\modelstudio\vc10\release\ms_stlhandler.obj
c:\users\yoshimoto\documents\github\modelstudio\vc10\release\ms_pointlineface.obj
c:\users\yoshimoto\documents\github\modelstudio\vc10\release\ms_objhandler.obj
c:\users\yoshimoto\documents\github\modelstudio\vc10\release\ms_modelhandler.obj
c:\users\yoshimoto\documents\github\modelstudio\vc10\release\ms_imageprocessing.obj
c:\users\yoshimoto\documents\github\modelstudio\vc10\release\ms_glutilities.obj
c:\users\yoshimoto\documents\github\modelstudio\vc10\release\ms_glhandler.obj
c:\users\yoshimoto\documents\github\modelstudio\vc10\release\ms_colormap.obj
c:\users\yoshimoto\documents\github\modelstudio\vc10\release\modelstudio.tlog\cl.command.1.tlog
c:\users\yoshimoto\documents\github\modelstudio\vc10\release\modelstudio.tlog\cl.read.1.tlog
c:\users\yoshimoto\documents\github\modelstudio\vc10\release\modelstudio.tlog\cl.write.1.tlog
c:\users\yoshimoto\documents\github\modelstudio\vc10\release\modelstudio.tlog\link.command.1.tlog
c:\users\yoshimoto\documents\github\modelstudio\vc10\release\modelstudio.tlog\link.read.1.tlog
c:\users\yoshimoto\documents\github\modelstudio\vc10\release\modelstudio.tlog\link.write.1.tlog
